c:\dalsdk\samples\wyssample\wyshost\wyslibrary\amulet\vc140.pdb
c:\dalsdk\samples\wyssample\wyshost\wyslibrary\amulet\vc140.idb
c:\dalsdk\samples\wyssample\wyshost\wyslibrary\amulet\authhelper.obj
c:\dalsdk\samples\wyssample\wyshost\wyslibrary\amulet\delayloader.obj
c:\dalsdk\samples\wyssample\wyshost\wyslibrary\amulet\interface.obj
c:\dalsdk\samples\wyssample\wyshost\wyslibrary\amulet\pavphandler.obj
c:\dalsdk\samples\wyssample\wyshost\wyslibrary\amulet\signatureverifier.obj
c:\dalsdk\samples\wyssample\wyshost\wyslibrary\amulet\wys.obj
c:\dalsdk\samples\wyssample\wyshost\wyslibrary\amulet\wysutil.obj
c:\dalsdk\samples\wyssample\wyshost\amulet\wyslibrary.ilk
c:\dalsdk\samples\wyssample\wyshost\amulet\wyslibrary.dll
c:\dalsdk\samples\wyssample\wyshost\amulet\wyslibrary.pdb
c:\dalsdk\samples\wyssample\wyshost\wyslibrary\amulet\wyslibrary.res
c:\dalsdk\samples\wyssample\wyshost\amulet\wyslibrary.lib
c:\dalsdk\samples\wyssample\wyshost\amulet\wyslibrary.exp
c:\dalsdk\samples\wyssample\wyshost\wyslibrary\amulet\wyslibrary.tlog\cl.command.1.tlog
c:\dalsdk\samples\wyssample\wyshost\wyslibrary\amulet\wyslibrary.tlog\cl.read.1.tlog
c:\dalsdk\samples\wyssample\wyshost\wyslibrary\amulet\wyslibrary.tlog\cl.write.1.tlog
c:\dalsdk\samples\wyssample\wyshost\wyslibrary\amulet\wyslibrary.tlog\link.command.1.tlog
c:\dalsdk\samples\wyssample\wyshost\wyslibrary\amulet\wyslibrary.tlog\link.read.1.tlog
c:\dalsdk\samples\wyssample\wyshost\wyslibrary\amulet\wyslibrary.tlog\link.write.1.tlog
c:\dalsdk\samples\wyssample\wyshost\wyslibrary\amulet\wyslibrary.tlog\rc.command.1.tlog
c:\dalsdk\samples\wyssample\wyshost\wyslibrary\amulet\wyslibrary.tlog\rc.read.1.tlog
c:\dalsdk\samples\wyssample\wyshost\wyslibrary\amulet\wyslibrary.tlog\rc.write.1.tlog
c:\dalsdk\samples\wyssample\wyshost\wyslibrary\amulet\wyslibrary.tlog\wyslibrary.write.1u.tlog
